0 info it worked if it ends with ok
1 verbose cli [ 'C:\\Users\\Joel Pires\\AppData\\Local\\.meteor\\packages\\meteor-tool\\1.3.3_1\\mt-os.windows.x86_32\\dev_bundle\\bin\\\\node.exe',
1 verbose cli   'C:\\Users\\Joel Pires\\AppData\\Local\\.meteor\\packages\\meteor-tool\\1.3.3_1\\mt-os.windows.x86_32\\dev_bundle\\lib\\node_modules\\npm\\bin\\npm-cli.js',
1 verbose cli   'install',
1 verbose cli   '--save',
1 verbose cli   'process.env' ]
2 info using npm@2.15.1
3 info using node@v0.10.45
4 verbose install initial load of C:\Users\Joel Pires\Documents\jeKnowledge\statsJeknowledge\statsJek\package.json
5 verbose installManyTop reading scoped package data from C:\Users\Joel Pires\Documents\jeKnowledge\statsJeknowledge\statsJek\node_modules\dotenv\package.json
6 verbose readDependencies loading dependencies from C:\Users\Joel Pires\Documents\jeKnowledge\statsJeknowledge\statsJek\package.json
7 silly cache add args [ 'process.env', null ]
8 verbose cache add spec process.env
9 silly cache add parsed spec { raw: 'process.env',
9 silly cache add   scope: null,
9 silly cache add   name: null,
9 silly cache add   rawSpec: 'process.env',
9 silly cache add   spec: 'C:\\Users\\Joel Pires\\Documents\\jeKnowledge\\statsJeknowledge\\statsJek\\process.env',
9 silly cache add   type: 'local' }
10 silly addLocalTarball shasum (computed) c5ef02d5ade28379d4daa02692d3fd9ad91568e5
11 verbose addTmpTarball C:\Users\Joel Pires\Documents\jeKnowledge\statsJeknowledge\statsJek\process.env not in flight; adding
12 verbose correctMkdir C:\Users\Joel Pires\AppData\Roaming\npm-cache correctMkdir not in flight; initializing
13 verbose addTmpTarball validating metadata from C:\Users\Joel Pires\Documents\jeKnowledge\statsJeknowledge\statsJek\process.env
14 verbose tar unpack C:\Users\Joel Pires\Documents\jeKnowledge\statsJeknowledge\statsJek\process.env
15 verbose tar unpacking to C:\Users\JOELPI~1\AppData\Local\Temp\npm-9484-ae1b6e07\unpack-ec91173876c9
16 silly gentlyRm C:\Users\JOELPI~1\AppData\Local\Temp\npm-9484-ae1b6e07\unpack-ec91173876c9 is being purged
17 verbose gentlyRm don't care about contents; nuking C:\Users\JOELPI~1\AppData\Local\Temp\npm-9484-ae1b6e07\unpack-ec91173876c9
18 silly gunzTarPerm modes [ '777', '666' ]
19 error not a package C:\Users\Joel Pires\Documents\jeKnowledge\statsJeknowledge\statsJek\process.env
20 error addLocal Could not install C:\Users\Joel Pires\Documents\jeKnowledge\statsJeknowledge\statsJek\process.env
21 verbose stack Error: ENOENT, open 'C:\Users\JOELPI~1\AppData\Local\Temp\npm-9484-ae1b6e07\unpack-ec91173876c9\package.json'
22 verbose cwd C:\Users\Joel Pires\Documents\jeKnowledge\statsJeknowledge\statsJek
23 error Windows_NT 10.0.10586
24 error argv "C:\\Users\\Joel Pires\\AppData\\Local\\.meteor\\packages\\meteor-tool\\1.3.3_1\\mt-os.windows.x86_32\\dev_bundle\\bin\\\\node.exe" "C:\\Users\\Joel Pires\\AppData\\Local\\.meteor\\packages\\meteor-tool\\1.3.3_1\\mt-os.windows.x86_32\\dev_bundle\\lib\\node_modules\\npm\\bin\\npm-cli.js" "install" "--save" "process.env"
25 error node v0.10.45
26 error npm  v2.15.1
27 error path C:\Users\JOELPI~1\AppData\Local\Temp\npm-9484-ae1b6e07\unpack-ec91173876c9\package.json
28 error code ENOENT
29 error errno 34
30 error enoent ENOENT, open 'C:\Users\JOELPI~1\AppData\Local\Temp\npm-9484-ae1b6e07\unpack-ec91173876c9\package.json'
30 error enoent This is most likely not a problem with npm itself
30 error enoent and is related to npm not being able to find a file.
31 verbose exit [ 34, true ]
